MPASM 5.84            PROGRAMA_PRINCIPAL.ASM   6-2-2020  15:51:59         PAGE  1


LOC  OBJECT CODE     LINE SOURCE TEXT
  VALUE

                      00001 ; PIC18F4550 Configuration Bit Settings
                      00002 
                      00003 ; Assembly source line config statements
                      00004 
                      00005 #include "p18f4550.inc"
                      00001         LIST
                      00002 
                      00003 ;==========================================================================
                      00004 ; Build date : Mar 17 2019
                      00005 ;  MPASM PIC18F4550 processor include
                      00006 ; 
                      00007 ;  (c) Copyright 1999-2019 Microchip Technology, All rights reserved
                      00008 ;==========================================================================
                      00009 
                      01765         LIST
                      00006 
                      00007 ; CONFIG1L
                      00008   CONFIG  PLLDIV = 1            ; PLL Prescaler Selection bits (No prescale (4 MHz oscillator input driv
                            es PLL directly))
                      00009   CONFIG  CPUDIV = OSC1_PLL2    ; System Clock Postscaler Selection bits ([Primary Oscillator Src: /1][9
                            6 MHz PLL Src: /2])
                      00010   CONFIG  USBDIV = 1            ; USB Clock Selection bit (used in Full-Speed USB mode only; UCFG:FSEN =
                             1) (USB clock source comes directly from the primary oscillator block with no postscale)
                      00011 
                      00012 ; CONFIG1H
                      00013   CONFIG  FOSC = XT_XT          ; Oscillator Selection bits (XT oscillator (XT))
                      00014   CONFIG  FCMEN = OFF           ; Fail-Safe Clock Monitor Enable bit (Fail-Safe Clock Monitor disabled)
                      00015   CONFIG  IESO = OFF            ; Internal/External Oscillator Switchover bit (Oscillator Switchover mod
                            e disabled)
                      00016 
                      00017 ; CONFIG2L
                      00018   CONFIG  PWRT = OFF            ; Power-up Timer Enable bit (PWRT disabled)
                      00019   CONFIG  BOR = OFF             ; Brown-out Reset Enable bits (Brown-out Reset disabled in hardware and 
                            software)
                      00020   CONFIG  BORV = 3              ; Brown-out Reset Voltage bits (Minimum setting 2.05V)
                      00021   CONFIG  VREGEN = OFF          ; USB Voltage Regulator Enable bit (USB voltage regulator disabled)
                      00022 
                      00023 ; CONFIG2H
                      00024   CONFIG  WDT = OFF             ; Watchdog Timer Enable bit (WDT disabled (control is placed on the SWDT
                            EN bit))
                      00025   CONFIG  WDTPS = 32768         ; Watchdog Timer Postscale Select bits (1:32768)
                      00026 
                      00027 ; CONFIG3H
                      00028   CONFIG  CCP2MX = OFF          ; CCP2 MUX bit (CCP2 input/output is multiplexed with RB3)
                      00029   CONFIG  PBADEN = OFF          ; PORTB A/D Enable bit (PORTB<4:0> pins are configured as digital I/O on
                             Reset)
                      00030   CONFIG  LPT1OSC = OFF         ; Low-Power Timer 1 Oscillator Enable bit (Timer1 configured for higher 
                            power operation)
                      00031   CONFIG  MCLRE = ON            ; MCLR Pin Enable bit (MCLR pin enabled; RE3 input pin disabled)
                      00032 
                      00033 ; CONFIG4L
                      00034   CONFIG  STVREN = OFF          ; Stack Full/Underflow Reset Enable bit (Stack full/underflow will not c
                            ause Reset)
MPASM 5.84            PROGRAMA_PRINCIPAL.ASM   6-2-2020  15:51:59         PAGE  2


LOC  OBJECT CODE     LINE SOURCE TEXT
  VALUE

                      00035   CONFIG  LVP = OFF             ; Single-Supply ICSP Enable bit (Single-Supply ICSP disabled)
                      00036   CONFIG  ICPRT = OFF           ; Dedicated In-Circuit Debug/Programming Port (ICPORT) Enable bit (ICPOR
                            T disabled)
                      00037   CONFIG  XINST = OFF           ; Extended Instruction Set Enable bit (Instruction set extension and Ind
                            exed Addressing mode disabled (Legacy mode))
                      00038 
                      00039 ; CONFIG5L
                      00040   CONFIG  CP0 = OFF             ; Code Protection bit (Block 0 (000800-001FFFh) is not code-protected)
                      00041   CONFIG  CP1 = OFF             ; Code Protection bit (Block 1 (002000-003FFFh) is not code-protected)
                      00042   CONFIG  CP2 = OFF             ; Code Protection bit (Block 2 (004000-005FFFh) is not code-protected)
                      00043   CONFIG  CP3 = OFF             ; Code Protection bit (Block 3 (006000-007FFFh) is not code-protected)
                      00044 
                      00045 ; CONFIG5H
                      00046   CONFIG  CPB = OFF             ; Boot Block Code Protection bit (Boot block (000000-0007FFh) is not cod
                            e-protected)
                      00047   CONFIG  CPD = OFF             ; Data EEPROM Code Protection bit (Data EEPROM is not code-protected)
                      00048 
                      00049 ; CONFIG6L
                      00050   CONFIG  WRT0 = OFF            ; Write Protection bit (Block 0 (000800-001FFFh) is not write-protected)
                      00051   CONFIG  WRT1 = OFF            ; Write Protection bit (Block 1 (002000-003FFFh) is not write-protected)
                      00052   CONFIG  WRT2 = OFF            ; Write Protection bit (Block 2 (004000-005FFFh) is not write-protected)
                      00053   CONFIG  WRT3 = OFF            ; Write Protection bit (Block 3 (006000-007FFFh) is not write-protected)
                      00054 
                      00055 ; CONFIG6H
                      00056   CONFIG  WRTC = OFF            ; Configuration Register Write Protection bit (Configuration registers (
                            300000-3000FFh) are not write-protected)
                      00057   CONFIG  WRTB = OFF            ; Boot Block Write Protection bit (Boot block (000000-0007FFh) is not wr
                            ite-protected)
                      00058   CONFIG  WRTD = OFF            ; Data EEPROM Write Protection bit (Data EEPROM is not write-protected)
                      00059 
                      00060 ; CONFIG7L
                      00061   CONFIG  EBTR0 = OFF           ; Table Read Protection bit (Block 0 (000800-001FFFh) is not protected f
                            rom table reads executed in other blocks)
                      00062   CONFIG  EBTR1 = OFF           ; Table Read Protection bit (Block 1 (002000-003FFFh) is not protected f
                            rom table reads executed in other blocks)
                      00063   CONFIG  EBTR2 = OFF           ; Table Read Protection bit (Block 2 (004000-005FFFh) is not protected f
                            rom table reads executed in other blocks)
                      00064   CONFIG  EBTR3 = OFF           ; Table Read Protection bit (Block 3 (006000-007FFFh) is not protected f
                            rom table reads executed in other blocks)
                      00065 
                      00066 ; CONFIG7H
                      00067   CONFIG  EBTRB = OFF           ; Boot Block Table Read Protection bit (Boot block (000000-0007FFh) is n
                            ot protected from table reads executed in other blocks)
                      00068   
                      00069   CBLOCK 0X00
  00000000            00070   SEG
  00000001            00071   VALOR
                      00072   ENDC
                      00073   
                      00074         ORG 0
000000 EF?? F???      00075         GOTO    INICIO
                      00076         ORG     0X0008
000008 EF?? F???      00077         GOTO    INT_T1RTC
MPASM 5.84            PROGRAMA_PRINCIPAL.ASM   6-2-2020  15:51:59         PAGE  3


LOC  OBJECT CODE     LINE SOURCE TEXT
  VALUE

                      00078         ORG     0X0020
000020                00079 INICIO
000020 6A00           00080         CLRF    SEG
000022 6A01           00081         CLRF    VALOR
000024 0E0F           00082         MOVLW   0X0F
000026 6EC1           00083         MOVWF   ADCON1; DIGITALES
000028 9093           00084         BCF     TRISB,0; SALIDA
00002A EC?? F???      00085         CALL    LCD_INIT
00002E 0E01           00086         MOVLW   .1
000030 EC?? F???      00087         CALL    LCD_LINEA1
000034 0E48           00088         MOVLW   'H'; ASCII
000036 EC?? F???      00089         CALL    LCD_CARACTER
00003A 0E4F           00090         MOVLW   'O'
00003C EC?? F???      00091         CALL    LCD_CARACTER
000040 0E52           00092         MOVLW   'R'
000042 EC?? F???      00093         CALL    LCD_CARACTER
000046 0E41           00094         MOVLW   'A'
000048 EC?? F???      00095         CALL    LCD_CARACTER
00004C 0E3A           00096         MOVLW   ':'
00004E EC?? F???      00097         CALL    LCD_CARACTER
000052 EC?? F???      00098         CALL    TIMER1_RTC
000056                00099 START
000056 2A00           00100         INCF    SEG,1
000058 0E30           00101         MOVLW   0X30
00005A 2600           00102         ADDWF   SEG
00005C 5000           00103         MOVF    SEG,W
00005E EF?? F???      00104         GOTO    START
                      00105         
000062                00106 TIMER1_RTC
000062 0E80           00107         MOVLW   0X80
000064 6ECF           00108         MOVWF   TMR1H
000066 6ACE           00109         CLRF    TMR1L
000068 0E0F           00110         MOVLW   B'00001111'
00006A 6ECD           00111         MOVWF   T1CON; 
00006C 8EF2           00112         BSF     INTCON,GIE
00006E 8CF2           00113         BSF     INTCON,PEIE
000070 809D           00114         BSF     PIE1,TMR1IE; HABILITAR
000072 909E           00115         BCF     PIR1,TMR1IF; FLAG
000074 809F           00116         BSF     IPR1,TMR1IP; PRIORIDAD ALTA
000076 8ED0           00117         BSF     RCON,7; 
000078 0012           00118         RETURN
                      00119         
00007A                00120 INT_T1RTC
00007A B0CE           00121         BTFSC   TMR1L,0
00007C EF?? F???      00122         GOTO    $-2
000080 A0CE           00123         BTFSS   TMR1L,0
000082 EF?? F???      00124         GOTO    $-2
000086 8ECF           00125         BSF     TMR1H,7; 1000
000088 2A00           00126         INCF    SEG,F
00008A 0E08           00127         MOVLW   .8
00008C EC?? F???      00128         CALL    LCD_LINEA1
000090 5000           00129         MOVF    SEG,W; 0000 0001
000092 0F30           00130         ADDLW   '0'; W = '0' + 0X01 = '1'
MPASM 5.84            PROGRAMA_PRINCIPAL.ASM   6-2-2020  15:51:59         PAGE  4


LOC  OBJECT CODE     LINE SOURCE TEXT
  VALUE

000094 EC?? F???      00131         CALL    LCD_CARACTER
000098 A08A           00132         BTFSS   LATB,0
00009A EF?? F???      00133         GOTO    ENCENDER
00009E 908A           00134         BCF     LATB,0
0000A0 EF?? F???      00135         GOTO    FIN_INT
0000A4                00136 ENCENDER
0000A4 808A           00137         BSF     LATB,0
0000A6                00138 FIN_INT
0000A6 909E           00139         BCF     PIR1,TMR1IF; FLAG
0000A8 0010           00140         RETFIE
                      00141         
                      00142 #INCLUDE <LCD.INC>      
                      00001 ;RS E y RW
                      00002 #define RS  LATD,0
                      00003 #DEFINE E   LATD,1
                      00004 
Warning[205]: Found directive in column 1. (CBLOCK)
                      00005 CBLOCK 0X00
  00000000            00006    DATO_LCD 
  00000001            00007    LCD_GUARDAR
  00000002            00008    VARIABLE_CUENTA
  00000003            00009    GUARDA_DATO
Warning[205]: Found directive in column 1. (ENDC)
                      00010 ENDC
                      00011     
0000AA                00012 LCD_INIT:
0000AA 9095           00013     BCF     TRISD,0; RS SALIDA
0000AC 9295           00014     BCF     TRISD,1; E SALIDA
0000AE 6A95           00015     CLRF    TRISD; PUERTO D SALIDA
0000B0 EC?? F???      00016     CALL    Retardo_1ms
0000B4 0E30           00017     MOVLW   0X30; 0X30 -> W
0000B6 EC?? F???      00018     CALL    LCD_COMANDO
0000BA EC?? F???      00019     CALL    Retardo_1ms
0000BE EC?? F???      00020     CALL    Retardo_1ms
0000C2 EC?? F???      00021     CALL    Retardo_1ms
0000C6 EC?? F???      00022     CALL    Retardo_1ms
0000CA 0E30           00023     MOVLW   0X30
0000CC EC?? F???      00024     CALL    LCD_COMANDO
0000D0 EC?? F???      00025     CALL    Retardo_1ms
0000D4 0E30           00026     MOVLW   0X30
0000D6 EC?? F???      00027     CALL    LCD_COMANDO
0000DA 0E20           00028     MOVLW   0X20; 4 BITS
0000DC EC?? F???      00029     CALL    LCD_COMANDO
0000E0 EC?? F???      00030     CALL    LCD_2LINEAS
0000E4 EC?? F???      00031     CALL    LCD_DISPLAY_ON
0000E8 EC?? F???      00032     CALL    LCD_BORRAR
0000EC EC?? F???      00033     CALL    LCD_INCR
0000F0 0012           00034     RETURN
0000F2                00035 LCD_INCR
0000F2 0E06           00036     MOVLW   0X06
0000F4 EF?? F???      00037     GOTO    LCD_CONFIG
0000F8                00038 LCD_BORRAR
0000F8 0E01           00039     MOVLW   0X01
MPASM 5.84            PROGRAMA_PRINCIPAL.ASM   6-2-2020  15:51:59         PAGE  5


LOC  OBJECT CODE     LINE SOURCE TEXT
  VALUE

0000FA EF?? F???      00040     GOTO    LCD_CONFIG
0000FE                00041 LCD_DISPLAY_ON
0000FE 0E0C           00042     MOVLW   0X0C
000100 EF?? F???      00043     GOTO    LCD_CONFIG
000104                00044 LCD_2LINEAS
000104 0E28           00045     MOVLW   0X28; 2 LINEAS 5X8
000106 EF?? F???      00046     GOTO    LCD_CONFIG
00010A                00047 LCD_CONFIG:
                      00048     ;W = 0X28 
00010A 6E01           00049     MOVWF   LCD_GUARDAR; = 0X28
00010C 5001           00050     MOVF    LCD_GUARDAR,W;
00010E EC?? F???      00051     CALL    LCD_COMANDO
000112 3801           00052     SWAPF   LCD_GUARDAR,W;
                      00053     ; 0X28
                      00054     ; SWAPF 0X82
                      00055     ; W = 0X82
000114 EC?? F???      00056     CALL    LCD_COMANDO
000118 0012           00057     RETURN
                      00058     
00011A                00059 LCD_COMANDO
00011A 908C           00060     BCF     RS; COMANDO
                      00061     ; w = 0x28
                      00062     ; W = 0X82
00011C 0BF0           00063     ANDLW   B'11110000';                
                      00064     ;         00101000
                      00065     ;    W =  00100000
00011E 6E00           00066     MOVWF   DATO_LCD
000120 508C           00067     MOVF    LATD,W; PUERTO D -> W
                      00068     ; RD7       RD0
                      00069     ; 0100 1111
                      00070     ;W =      11001010
000122 0B0F           00071     ANDLW   B'00001111';
                      00072     ;0      ;00001010
000124 1000           00073     IORWF   DATO_LCD,W; 
                      00074     ;W = 00001010 OR
                      00075     ;DL  00110000
                      00076     ;W = 00111010
000126 6E8C           00077     MOVWF   LATD
000128 EC?? F???      00078     CALL    ENABLE
00012C 0012           00079     RETURN
Warning[207]: Found label after column 1. (LCD_CARACTER)
00012E                00080  LCD_CARACTER:
00012E 808C           00081     BSF     RS; MODO CARACTER
000130 EC?? F???      00082     CALL    LCD_DATO
000134 EC?? F???      00083     CALL    Retardo_1ms
000138 0012           00084     RETURN
                      00085     
Warning[207]: Found label after column 1. (LCD_DATO)
00013A                00086  LCD_DATO
00013A 6E01           00087     MOVWF   LCD_GUARDAR; = 0X28
00013C 5001           00088     MOVF    LCD_GUARDAR,W;
00013E EC?? F???      00089     CALL    LCD_DATA
000142 3801           00090     SWAPF   LCD_GUARDAR,W;
MPASM 5.84            PROGRAMA_PRINCIPAL.ASM   6-2-2020  15:51:59         PAGE  6


LOC  OBJECT CODE     LINE SOURCE TEXT
  VALUE

                      00091     ; 0X28
                      00092     ; SWAPF 0X82
                      00093     ; W = 0X82
000144 EC?? F???      00094     CALL    LCD_DATA
000148 0012           00095     RETURN
Warning[207]: Found label after column 1. (LCD_DATA)
00014A                00096  LCD_DATA
00014A 0BF0           00097     ANDLW   B'11110000';                
                      00098     ;         00101000
                      00099     ;    W =  00100000
00014C 6E00           00100     MOVWF   DATO_LCD
00014E 508C           00101     MOVF    LATD,W; PUERTO D -> W
                      00102     ; RD7       RD0
                      00103     ; 0100 1111
                      00104     ;W =      11001010
000150 0B0F           00105     ANDLW   B'00001111';
                      00106     ;0      ;00001010
000152 1000           00107     IORWF   DATO_LCD,W; 
                      00108     ;W = 00001010 OR
                      00109     ;DL  00110000
                      00110     ;W = 00111010
000154 6E8C           00111     MOVWF   LATD
000156 EC?? F???      00112     CALL    ENABLE
00015A 0012           00113     RETURN
                      00114     
Warning[207]: Found label after column 1. (LCD_LINEA1)
00015C                00115  LCD_LINEA1
                      00116     ;W = 5
00015C 0F80           00117     ADDLW   0X80; 80 + 5 = 85 
00015E EF?? F???      00118     GOTO    LCD_CONFIG
000162 0012           00119     RETURN
Warning[207]: Found label after column 1. (LCD_LINEA2)
000164                00120  LCD_LINEA2
000164 0FC0           00121     ADDLW   0XC0; C0 + W(8) = C8
000166 EF?? F???      00122     GOTO    LCD_CONFIG
00016A 0012           00123     RETURN
                      00124     
Warning[207]: Found label after column 1. (ENABLE)
00016C                00125  ENABLE:
00016C EC?? F???      00126     CALL    Retardo_1ms
000170 EC?? F???      00127     CALL    Retardo_1ms
000174 828C           00128     BSF     E
000176 EC?? F???      00129     CALL    Retardo_1ms
00017A 928C           00130     BCF     E
00017C 0012           00131     RETURN
                      00132     
00017E                00133 Retardo_1ms:
00017E 6E03           00134   MOVWF     GUARDA_DATO
000180 0EF9           00135   MOVLW     .249
000182 6E02           00136   MOVWF     VARIABLE_CUENTA
000184                00137 BUCLE_INTERNO:
000184 0000           00138   NOP
000186 2E02           00139   DECFSZ    VARIABLE_CUENTA, F
MPASM 5.84            PROGRAMA_PRINCIPAL.ASM   6-2-2020  15:51:59         PAGE  7


LOC  OBJECT CODE     LINE SOURCE TEXT
  VALUE

000188 EF?? F???      00140   GOTO      BUCLE_INTERNO
00018C 5003           00141   MOVF      GUARDA_DATO,W
00018E 0012           00142   RETURN   
                      00143 
                      00144 
                      00145 
                      00146 
                      00147 
                      00143         END
MPASM 5.84            PROGRAMA_PRINCIPAL.ASM   6-2-2020  15:51:59         PAGE  8


SYMBOL TABLE
  LABEL                             VALUE 

A                                 00000000
ABDEN                             00000000
ABDOVF                            00000007
ACCESS                            00000000
ACKDT                             00000005
ACKEN                             00000004
ACKSTAT                           00000006
ACQT0                             00000003
ACQT1                             00000004
ACQT2                             00000005
ACTVIE                            00000002
ACTVIF                            00000002
ADCON0                            00000FC2
ADCON1                            00000FC1
ADCON2                            00000FC0
ADCS0                             00000000
ADCS1                             00000001
ADCS2                             00000002
ADDEN                             00000003
ADDR0                             00000000
ADDR1                             00000001
ADDR2                             00000002
ADDR3                             00000003
ADDR4                             00000004
ADDR5                             00000005
ADDR6                             00000006
ADEN                              00000003
ADFM                              00000007
ADIE                              00000006
ADIF                              00000006
ADIP                              00000006
ADON                              00000000
ADRES                             00000FC3
ADRESH                            00000FC4
ADRESL                            00000FC3
AN0                               00000000
AN1                               00000001
AN2                               00000002
AN3                               00000003
AN4                               00000005
BANKED                            00000001
BAUDCON                           00000FB8
BAUDCTL                           00000FB8
BCLIE                             00000003
BCLIF                             00000003
BCLIP                             00000003
BF                                00000000
BGST                              00000005
BOR                               00000000
BRG16                             00000003
BRGH                              00000002
BSR                               00000FE0
BTOEE                             00000004
MPASM 5.84            PROGRAMA_PRINCIPAL.ASM   6-2-2020  15:51:59         PAGE  9


SYMBOL TABLE
  LABEL                             VALUE 

BTOEF                             00000004
BTSEE                             00000007
BTSEF                             00000007
BUCLE_INTERNO                     00000184
C                                 00000000
C1INV                             00000004
C1OUT                             00000006
C2INV                             00000005
C2OUT                             00000007
CCP1                              00000002
CCP1AS                            00000FB6
CCP1CON                           00000FBD
CCP1DEL                           00000FB7
CCP1IE                            00000002
CCP1IF                            00000002
CCP1IP                            00000002
CCP1M0                            00000000
CCP1M1                            00000001
CCP1M2                            00000002
CCP1M3                            00000003
CCP2CON                           00000FBA
CCP2IE                            00000000
CCP2IF                            00000000
CCP2IP                            00000000
CCP2M0                            00000000
CCP2M1                            00000001
CCP2M2                            00000002
CCP2M3                            00000003
CCPR1                             00000FBE
CCPR1H                            00000FBF
CCPR1L                            00000FBE
CCPR2                             00000FBB
CCPR2H                            00000FBC
CCPR2L                            00000FBB
CFGS                              00000006
CHS0                              00000002
CHS1                              00000003
CHS2                              00000004
CHS3                              00000005
CIS                               00000003
CK                                00000006
CK1SPP                            00000000
CK2SPP                            00000001
CKE                               00000006
CKP                               00000004
CLK1EN                            00000004
CLKCFG0                           00000006
CLKCFG1                           00000007
CM0                               00000000
CM1                               00000001
CM2                               00000002
CMCON                             00000FB4
CMIE                              00000006
MPASM 5.84            PROGRAMA_PRINCIPAL.ASM   6-2-2020  15:51:59         PAGE 10


SYMBOL TABLE
  LABEL                             VALUE 

CMIF                              00000006
CMIP                              00000006
CRC16EE                           00000002
CRC16EF                           00000002
CRC5EE                            00000001
CRC5EF                            00000001
CREN                              00000004
CSEN                              00000005
CSRC                              00000007
CVR0                              00000000
CVR1                              00000001
CVR2                              00000002
CVR3                              00000003
CVRCON                            00000FB5
CVREF                             00000004
CVREN                             00000007
CVROE                             00000006
CVRR                              00000005
CVRSS                             00000004
D                                 00000005
DATA_ADDRESS                      00000005
DATO_LCD                          00000000
DC                                00000001
DC1B0                             00000004
DC1B1                             00000005
DC2B0                             00000004
DC2B1                             00000005
DDRA                              TRISA
DDRB                              TRISB
DDRC                              TRISC
DDRD                              TRISD
DDRE                              TRISE
DFN8EE                            00000003
DFN8EF                            00000003
DIR                               00000002
DONE                              00000001
D_A                               00000005
D_NOT_A                           00000005
E                                 LATD,1
ECCP1AS                           00000FB6
ECCP1CON                          00000FBD
ECCP1DEL                          00000FB7
ECCPAS0                           00000004
ECCPAS1                           00000005
ECCPAS2                           00000006
ECCPASE                           00000007
EEADR                             00000FA9
EECON1                            00000FA6
EECON2                            00000FA7
EEDATA                            00000FA8
EEIE                              00000004
EEIF                              00000004
EEIP                              00000004
MPASM 5.84            PROGRAMA_PRINCIPAL.ASM   6-2-2020  15:51:59         PAGE 11


SYMBOL TABLE
  LABEL                             VALUE 

EEPGD                             00000007
ENABLE                            0000016C
ENCENDER                          000000A4
ENDP0                             00000003
ENDP1                             00000004
ENDP2                             00000005
ENDP3                             00000006
EPCONDIS                          00000003
EPHSHK                            00000004
EPINEN                            00000001
EPOUTEN                           00000002
EPSTALL                           00000000
FAST                              00000001
FERR                              00000002
FIN_INT                           000000A6
FLTS                              00000002
FREE                              00000004
FRM0                              00000000
FRM1                              00000001
FRM10                             00000002
FRM2                              00000002
FRM3                              00000003
FRM4                              00000004
FRM5                              00000005
FRM6                              00000006
FRM7                              00000007
FRM8                              00000000
FRM9                              00000001
FSEN                              00000002
FSR0                              00000000
FSR0H                             00000FEA
FSR0L                             00000FE9
FSR1                              00000001
FSR1H                             00000FE2
FSR1L                             00000FE1
FSR2                              00000002
FSR2H                             00000FDA
FSR2L                             00000FD9
GCEN                              00000007
GIE                               00000007
GIEH                              00000007
GIEL                              00000006
GIE_GIEH                          00000007
GO                                00000001
GO_DONE                           00000001
GO_NOT_DONE                       00000001
GUARDA_DATO                       00000003
HLVDCON                           00000FD2
HLVDEN                            00000004
HLVDIE                            00000002
HLVDIF                            00000002
HLVDIN                            00000005
HLVDIP                            00000002
MPASM 5.84            PROGRAMA_PRINCIPAL.ASM   6-2-2020  15:51:59         PAGE 12


SYMBOL TABLE
  LABEL                             VALUE 

HLVDL0                            00000000
HLVDL1                            00000001
HLVDL2                            00000002
HLVDL3                            00000003
I2C_DAT                           00000005
I2C_READ                          00000002
I2C_START                         00000003
I2C_STOP                          00000004
IDLEIE                            00000004
IDLEIF                            00000004
IDLEN                             00000007
INDF0                             00000FEF
INDF1                             00000FE7
INDF2                             00000FDF
INICIO                            00000020
INT0                              00000000
INT0E                             00000004
INT0F                             00000001
INT0IE                            00000004
INT0IF                            00000001
INT1                              00000001
INT1E                             00000003
INT1F                             00000000
INT1IE                            00000003
INT1IF                            00000000
INT1IP                            00000006
INT1P                             00000006
INT2                              00000002
INT2E                             00000004
INT2F                             00000001
INT2IE                            00000004
INT2IF                            00000001
INT2IP                            00000007
INT2P                             00000007
INTCON                            00000FF2
INTCON2                           00000FF1
INTCON3                           00000FF0
INTEDG0                           00000006
INTEDG1                           00000005
INTEDG2                           00000004
INTSRC                            00000007
INT_T1RTC                         0000007A
IOFS                              00000002
IPEN                              00000007
IPR1                              00000F9F
IPR2                              00000FA2
IRCF0                             00000004
IRCF1                             00000005
IRCF2                             00000006
IRVST                             00000005
IVRST                             00000005
LATA                              00000F89
LATA0                             00000000
MPASM 5.84            PROGRAMA_PRINCIPAL.ASM   6-2-2020  15:51:59         PAGE 13


SYMBOL TABLE
  LABEL                             VALUE 

LATA1                             00000001
LATA2                             00000002
LATA3                             00000003
LATA4                             00000004
LATA5                             00000005
LATA6                             00000006
LATB                              00000F8A
LATB0                             00000000
LATB1                             00000001
LATB2                             00000002
LATB3                             00000003
LATB4                             00000004
LATB5                             00000005
LATB6                             00000006
LATB7                             00000007
LATC                              00000F8B
LATC0                             00000000
LATC1                             00000001
LATC2                             00000002
LATC6                             00000006
LATC7                             00000007
LATD                              00000F8C
LATD0                             00000000
LATD1                             00000001
LATD2                             00000002
LATD3                             00000003
LATD4                             00000004
LATD5                             00000005
LATD6                             00000006
LATD7                             00000007
LATE                              00000F8D
LATE0                             00000000
LATE1                             00000001
LATE2                             00000002
LCD_2LINEAS                       00000104
LCD_BORRAR                        000000F8
LCD_CARACTER                      0000012E
LCD_COMANDO                       0000011A
LCD_CONFIG                        0000010A
LCD_DATA                          0000014A
LCD_DATO                          0000013A
LCD_DISPLAY_ON                    000000FE
LCD_GUARDAR                       00000001
LCD_INCR                          000000F2
LCD_INIT                          000000AA
LCD_LINEA1                        0000015C
LCD_LINEA2                        00000164
LVDCON                            00000FD2
LVDEN                             00000004
LVDIE                             00000002
LVDIF                             00000002
LVDIN                             00000005
LVDIP                             00000002
MPASM 5.84            PROGRAMA_PRINCIPAL.ASM   6-2-2020  15:51:59         PAGE 14


SYMBOL TABLE
  LABEL                             VALUE 

LVDL0                             00000000
LVDL1                             00000001
LVDL2                             00000002
LVDL3                             00000003
LVV0                              00000000
LVV1                              00000001
LVV2                              00000002
LVV3                              00000003
N                                 00000004
NOT_A                             00000005
NOT_ADDRESS                       00000005
NOT_BOR                           00000000
NOT_DONE                          00000001
NOT_IPEN                          00000007
NOT_PD                            00000002
NOT_POR                           00000001
NOT_RBPU                          00000007
NOT_RI                            00000004
NOT_T1SYNC                        00000002
NOT_T3SYNC                        00000002
NOT_TO                            00000003
NOT_W                             00000002
NOT_WRITE                         00000002
OERR                              00000001
OESPP                             00000002
OSC2                              00000006
OSCCON                            00000FD3
OSCFIE                            00000007
OSCFIF                            00000007
OSCFIP                            00000007
OSCTUNE                           00000F9B
OSTS                              00000003
OV                                00000003
P                                 00000004
P1A                               00000002
P1M0                              00000006
P1M1                              00000007
PC                                00000FF9
PCFG0                             00000000
PCFG1                             00000001
PCFG2                             00000002
PCFG3                             00000003
PCL                               00000FF9
PCLATH                            00000FFA
PCLATU                            00000FFB
PD                                00000002
PDC0                              00000000
PDC1                              00000001
PDC2                              00000002
PDC3                              00000003
PDC4                              00000004
PDC5                              00000005
PDC6                              00000006
MPASM 5.84            PROGRAMA_PRINCIPAL.ASM   6-2-2020  15:51:59         PAGE 15


SYMBOL TABLE
  LABEL                             VALUE 

PEIE                              00000006
PEIE_GIEL                         00000006
PEN                               00000002
PGC                               00000006
PGD                               00000007
PGM                               00000005
PIDEE                             00000000
PIDEF                             00000000
PIE1                              00000F9D
PIE2                              00000FA0
PIR1                              00000F9E
PIR2                              00000FA1
PKTDIS                            00000004
PLUSW0                            00000FEB
PLUSW1                            00000FE3
PLUSW2                            00000FDB
POR                               00000001
PORTA                             00000F80
PORTB                             00000F81
PORTC                             00000F82
PORTD                             00000F83
PORTE                             00000F84
POSTDEC0                          00000FED
POSTDEC1                          00000FE5
POSTDEC2                          00000FDD
POSTINC0                          00000FEE
POSTINC1                          00000FE6
POSTINC2                          00000FDE
PPB0                              00000000
PPB1                              00000001
PPBI                              00000001
PPBRST                            00000006
PR2                               00000FCB
PREINC0                           00000FEC
PREINC1                           00000FE4
PREINC2                           00000FDC
PROD                              00000FF3
PRODH                             00000FF4
PRODL                             00000FF3
PRSEN                             00000007
PSA                               00000003
PSSAC0                            00000002
PSSAC1                            00000003
PSSBD0                            00000000
PSSBD1                            00000001
R                                 00000002
RA0                               00000000
RA1                               00000001
RA2                               00000002
RA3                               00000003
RA4                               00000004
RA5                               00000005
RA6                               00000006
MPASM 5.84            PROGRAMA_PRINCIPAL.ASM   6-2-2020  15:51:59         PAGE 16


SYMBOL TABLE
  LABEL                             VALUE 

RB0                               00000000
RB1                               00000001
RB2                               00000002
RB3                               00000003
RB4                               00000004
RB5                               00000005
RB6                               00000006
RB7                               00000007
RBIE                              00000003
RBIF                              00000000
RBIP                              00000000
RBPU                              00000007
RC0                               00000000
RC1                               00000001
RC2                               00000002
RC4                               00000004
RC5                               00000005
RC6                               00000006
RC7                               00000007
RCEN                              00000003
RCIDL                             00000006
RCIE                              00000005
RCIF                              00000005
RCIP                              00000005
RCMT                              00000006
RCON                              00000FD0
RCREG                             00000FAE
RCSTA                             00000FAB
RD                                00000000
RD0                               00000000
RD1                               00000001
RD16                              00000007
RD2                               00000002
RD3                               00000003
RD4                               00000004
RD5                               00000005
RD6                               00000006
RD7                               00000007
RDPU                              00000007
RDSPP                             00000007
RE0                               00000000
RE1                               00000001
RE2                               00000002
RE3                               00000003
READ_WRITE                        00000002
RESUME                            00000002
RI                                00000004
RS                                LATD,0
RSEN                              00000001
RX                                00000007
RX9                               00000006
RX9D                              00000000
RXDTP                             00000005
MPASM 5.84            PROGRAMA_PRINCIPAL.ASM   6-2-2020  15:51:59         PAGE 17


SYMBOL TABLE
  LABEL                             VALUE 

R_NOT_W                           00000002
R_W                               00000002
Retardo_1ms                       0000017E
S                                 00000003
SBOREN                            00000006
SCKP                              00000004
SCS0                              00000000
SCS1                              00000001
SE0                               00000005
SEG                               00000000
SEN                               00000000
SENDB                             00000003
SMP                               00000007
SOFIE                             00000006
SOFIF                             00000006
SPBRG                             00000FAF
SPBRGH                            00000FB0
SPEN                              00000007
SPP0                              00000000
SPP1                              00000001
SPP2                              00000002
SPP3                              00000003
SPP4                              00000004
SPP5                              00000005
SPP6                              00000006
SPP7                              00000007
SPPBUSY                           00000004
SPPCFG                            00000F63
SPPCON                            00000F65
SPPDATA                           00000F62
SPPEN                             00000000
SPPEPS                            00000F64
SPPIE                             00000007
SPPIF                             00000007
SPPIP                             00000007
SPPOWN                            00000001
SREN                              00000005
SSPADD                            00000FC8
SSPBUF                            00000FC9
SSPCON1                           00000FC6
SSPCON2                           00000FC5
SSPEN                             00000005
SSPIE                             00000003
SSPIF                             00000003
SSPIP                             00000003
SSPM0                             00000000
SSPM1                             00000001
SSPM2                             00000002
SSPM3                             00000003
SSPOV                             00000006
SSPSTAT                           00000FC7
STALLIE                           00000005
STALLIF                           00000005
MPASM 5.84            PROGRAMA_PRINCIPAL.ASM   6-2-2020  15:51:59         PAGE 18


SYMBOL TABLE
  LABEL                             VALUE 

START                             00000056
STATUS                            00000FD8
STKFUL                            00000007
STKOVF                            00000007
STKPTR                            00000FFC
STKPTR0                           00000000
STKPTR1                           00000001
STKPTR2                           00000002
STKPTR3                           00000003
STKPTR4                           00000004
STKUNF                            00000006
SUSPND                            00000001
SWDTE                             00000000
SWDTEN                            00000000
SYNC                              00000004
T08BIT                            00000006
T0CKI                             00000004
T0CON                             00000FD5
T0CS                              00000005
T0IE                              00000005
T0IF                              00000002
T0IP                              00000002
T0PS0                             00000000
T0PS1                             00000001
T0PS2                             00000002
T0SE                              00000004
T13CKI                            00000000
T1CKPS0                           00000004
T1CKPS1                           00000005
T1CON                             00000FCD
T1OSCEN                           00000003
T1OSI                             00000001
T1OSO                             00000000
T1RUN                             00000006
T1SYNC                            00000002
T2CKPS0                           00000000
T2CKPS1                           00000001
T2CON                             00000FCA
T2OUTPS0                          00000003
T2OUTPS1                          00000004
T2OUTPS2                          00000005
T2OUTPS3                          00000006
T3CCP1                            00000003
T3CCP2                            00000006
T3CKPS0                           00000004
T3CKPS1                           00000005
T3CON                             00000FB1
T3NSYNC                           00000002
T3SYNC                            00000002
TABLAT                            00000FF5
TBLPTR                            00000FF6
TBLPTRH                           00000FF7
TBLPTRL                           00000FF6
MPASM 5.84            PROGRAMA_PRINCIPAL.ASM   6-2-2020  15:51:59         PAGE 19


SYMBOL TABLE
  LABEL                             VALUE 

TBLPTRU                           00000FF8
TIMER1_RTC                        00000062
TMR0                              00000FD6
TMR0H                             00000FD7
TMR0IE                            00000005
TMR0IF                            00000002
TMR0IP                            00000002
TMR0L                             00000FD6
TMR0ON                            00000007
TMR1                              00000FCE
TMR1CS                            00000001
TMR1H                             00000FCF
TMR1IE                            00000000
TMR1IF                            00000000
TMR1IP                            00000000
TMR1L                             00000FCE
TMR1ON                            00000000
TMR2                              00000FCC
TMR2IE                            00000001
TMR2IF                            00000001
TMR2IP                            00000001
TMR2ON                            00000002
TMR3                              00000FB2
TMR3CS                            00000001
TMR3H                             00000FB3
TMR3IE                            00000001
TMR3IF                            00000001
TMR3IP                            00000001
TMR3L                             00000FB2
TMR3ON                            00000000
TO                                00000003
TOS                               00000FFD
TOSH                              00000FFE
TOSL                              00000FFD
TOSU                              00000FFF
TOUTPS0                           00000003
TOUTPS1                           00000004
TOUTPS2                           00000005
TOUTPS3                           00000006
TRISA                             00000F92
TRISA0                            00000000
TRISA1                            00000001
TRISA2                            00000002
TRISA3                            00000003
TRISA4                            00000004
TRISA5                            00000005
TRISA6                            00000006
TRISB                             00000F93
TRISB0                            00000000
TRISB1                            00000001
TRISB2                            00000002
TRISB3                            00000003
TRISB4                            00000004
MPASM 5.84            PROGRAMA_PRINCIPAL.ASM   6-2-2020  15:51:59         PAGE 20


SYMBOL TABLE
  LABEL                             VALUE 

TRISB5                            00000005
TRISB6                            00000006
TRISB7                            00000007
TRISC                             00000F94
TRISC0                            00000000
TRISC1                            00000001
TRISC2                            00000002
TRISC6                            00000006
TRISC7                            00000007
TRISD                             00000F95
TRISD0                            00000000
TRISD1                            00000001
TRISD2                            00000002
TRISD3                            00000003
TRISD4                            00000004
TRISD5                            00000005
TRISD6                            00000006
TRISD7                            00000007
TRISE                             00000F96
TRISE0                            00000000
TRISE1                            00000001
TRISE2                            00000002
TRMT                              00000001
TRNIE                             00000003
TRNIF                             00000003
TUN0                              00000000
TUN1                              00000001
TUN2                              00000002
TUN3                              00000003
TUN4                              00000004
TX                                00000006
TX9                               00000006
TX9D                              00000000
TXCKP                             00000004
TXEN                              00000005
TXIE                              00000004
TXIF                              00000004
TXIP                              00000004
TXREG                             00000FAD
TXSTA                             00000FAC
UA                                00000001
UADDR                             00000F6E
UCFG                              00000F6F
UCON                              00000F6D
UEIE                              00000F6B
UEIR                              00000F6A
UEP0                              00000F70
UEP1                              00000F71
UEP10                             00000F7A
UEP11                             00000F7B
UEP12                             00000F7C
UEP13                             00000F7D
UEP14                             00000F7E
MPASM 5.84            PROGRAMA_PRINCIPAL.ASM   6-2-2020  15:51:59         PAGE 21


SYMBOL TABLE
  LABEL                             VALUE 

UEP15                             00000F7F
UEP2                              00000F72
UEP3                              00000F73
UEP4                              00000F74
UEP5                              00000F75
UEP6                              00000F76
UEP7                              00000F77
UEP8                              00000F78
UEP9                              00000F79
UERRIE                            00000001
UERRIF                            00000001
UFRM                              00000F66
UFRMH                             00000F67
UFRML                             00000F66
UIE                               00000F69
UIR                               00000F68
UOEMON                            00000006
UPUEN                             00000004
URSTIE                            00000000
URSTIF                            00000000
USBEN                             00000003
USBIE                             00000005
USBIF                             00000005
USBIP                             00000005
USTAT                             00000F6C
UTEYE                             00000007
UTRDIS                            00000003
VALOR                             00000001
VARIABLE_CUENTA                   00000002
VCFG0                             00000004
VCFG1                             00000005
VDIRMAG                           00000007
VREFM                             00000002
VREFP                             00000003
W                                 00000000
WCOL                              00000007
WDTCON                            00000FD1
WR                                00000001
WREG                              00000FE8
WREN                              00000002
WRERR                             00000003
WRSPP                             00000006
WS0                               00000000
WS1                               00000001
WS2                               00000002
WS3                               00000003
WUE                               00000001
Z                                 00000002
_.org_2_007C                      0000007C
_.org_2_0082                      00000082
_BORV_0_2L                        000000E7
_BORV_1_2L                        000000EF
_BORV_2_2L                        000000F7
MPASM 5.84            PROGRAMA_PRINCIPAL.ASM   6-2-2020  15:51:59         PAGE 22


SYMBOL TABLE
  LABEL                             VALUE 

_BORV_3_2L                        000000FF
_BOR_OFF_2L                       000000F9
_BOR_ON_2L                        000000FF
_BOR_ON_ACTIVE_2L                 000000FD
_BOR_SOFT_2L                      000000FB
_CCP2MX_OFF_3H                    000000FE
_CCP2MX_ON_3H                     000000FF
_CONFIG1H                         00300001
_CONFIG1L                         00300000
_CONFIG2H                         00300003
_CONFIG2L                         00300002
_CONFIG3H                         00300005
_CONFIG4L                         00300006
_CONFIG5H                         00300009
_CONFIG5L                         00300008
_CONFIG6H                         0030000B
_CONFIG6L                         0030000A
_CONFIG7H                         0030000D
_CONFIG7L                         0030000C
_CP0_OFF_5L                       000000FF
_CP0_ON_5L                        000000FE
_CP1_OFF_5L                       000000FF
_CP1_ON_5L                        000000FD
_CP2_OFF_5L                       000000FF
_CP2_ON_5L                        000000FB
_CP3_OFF_5L                       000000FF
_CP3_ON_5L                        000000F7
_CPB_OFF_5H                       000000FF
_CPB_ON_5H                        000000BF
_CPD_OFF_5H                       000000FF
_CPD_ON_5H                        0000007F
_CPUDIV_OSC1_PLL2_1L              000000E7
_CPUDIV_OSC2_PLL3_1L              000000EF
_CPUDIV_OSC3_PLL4_1L              000000F7
_CPUDIV_OSC4_PLL6_1L              000000FF
_DEBUG_OFF_4L                     000000FF
_DEBUG_ON_4L                      0000007F
_DEVID1                           003FFFFE
_DEVID2                           003FFFFF
_EBTR0_OFF_7L                     000000FF
_EBTR0_ON_7L                      000000FE
_EBTR1_OFF_7L                     000000FF
_EBTR1_ON_7L                      000000FD
_EBTR2_OFF_7L                     000000FF
_EBTR2_ON_7L                      000000FB
_EBTR3_OFF_7L                     000000FF
_EBTR3_ON_7L                      000000F7
_EBTRB_OFF_7H                     000000FF
_EBTRB_ON_7H                      000000BF
_FCMEN_OFF_1H                     000000BF
_FCMEN_ON_1H                      000000FF
_FOSC_ECIO_EC_1H                  000000F4
_FOSC_ECPLLIO_EC_1H               000000F6
MPASM 5.84            PROGRAMA_PRINCIPAL.ASM   6-2-2020  15:51:59         PAGE 23


SYMBOL TABLE
  LABEL                             VALUE 

_FOSC_ECPLL_EC_1H                 000000F7
_FOSC_EC_EC_1H                    000000F5
_FOSC_HSPLL_HS_1H                 000000FE
_FOSC_HS_1H                       000000FC
_FOSC_INTOSCIO_EC_1H              000000F8
_FOSC_INTOSC_EC_1H                000000F9
_FOSC_INTOSC_HS_1H                000000FB
_FOSC_INTOSC_XT_1H                000000FA
_FOSC_XTPLL_XT_1H                 000000F2
_FOSC_XT_XT_1H                    000000F0
_ICPRT_OFF_4L                     000000DF
_ICPRT_ON_4L                      000000FF
_IDLOC0                           00200000
_IDLOC1                           00200001
_IDLOC2                           00200002
_IDLOC3                           00200003
_IDLOC4                           00200004
_IDLOC5                           00200005
_IDLOC6                           00200006
_IDLOC7                           00200007
_IESO_OFF_1H                      0000007F
_IESO_ON_1H                       000000FF
_LPT1OSC_OFF_3H                   000000FB
_LPT1OSC_ON_3H                    000000FF
_LVP_OFF_4L                       000000FB
_LVP_ON_4L                        000000FF
_MCLRE_OFF_3H                     0000007F
_MCLRE_ON_3H                      000000FF
_PBADEN_OFF_3H                    000000FD
_PBADEN_ON_3H                     000000FF
_PLLDIV_10_1L                     000000FE
_PLLDIV_12_1L                     000000FF
_PLLDIV_1_1L                      000000F8
_PLLDIV_2_1L                      000000F9
_PLLDIV_3_1L                      000000FA
_PLLDIV_4_1L                      000000FB
_PLLDIV_5_1L                      000000FC
_PLLDIV_6_1L                      000000FD
_PWRT_OFF_2L                      000000FF
_PWRT_ON_2L                       000000FE
_STVREN_OFF_4L                    000000FE
_STVREN_ON_4L                     000000FF
_USBDIV_1_1L                      000000DF
_USBDIV_2_1L                      000000FF
_VREGEN_OFF_2L                    000000DF
_VREGEN_ON_2L                     000000FF
_WDTPS_1024_2H                    000000F5
_WDTPS_128_2H                     000000EF
_WDTPS_16384_2H                   000000FD
_WDTPS_16_2H                      000000E9
_WDTPS_1_2H                       000000E1
_WDTPS_2048_2H                    000000F7
_WDTPS_256_2H                     000000F1
MPASM 5.84            PROGRAMA_PRINCIPAL.ASM   6-2-2020  15:51:59         PAGE 24


SYMBOL TABLE
  LABEL                             VALUE 

_WDTPS_2_2H                       000000E3
_WDTPS_32768_2H                   000000FF
_WDTPS_32_2H                      000000EB
_WDTPS_4096_2H                    000000F9
_WDTPS_4_2H                       000000E5
_WDTPS_512_2H                     000000F3
_WDTPS_64_2H                      000000ED
_WDTPS_8192_2H                    000000FB
_WDTPS_8_2H                       000000E7
_WDT_OFF_2H                       000000FE
_WDT_ON_2H                        000000FF
_WRT0_OFF_6L                      000000FF
_WRT0_ON_6L                       000000FE
_WRT1_OFF_6L                      000000FF
_WRT1_ON_6L                       000000FD
_WRT2_OFF_6L                      000000FF
_WRT2_ON_6L                       000000FB
_WRT3_OFF_6L                      000000FF
_WRT3_ON_6L                       000000F7
_WRTB_OFF_6H                      000000FF
_WRTB_ON_6H                       000000BF
_WRTC_OFF_6H                      000000FF
_WRTC_ON_6H                       000000DF
_WRTD_OFF_6H                      000000FF
_WRTD_ON_6H                       0000007F
_XINST_OFF_4L                     000000BF
_XINST_ON_4L                      000000FF
__18F4550                         00000001
__DEBUG                           
__MPLAB_DEBUGGER_SIMULATOR        1

Errors   :     0
Warnings :     8 reported,     0 suppressed
Messages :     0 reported,     0 suppressed

