MPASM 5.84            PROGRAMA_PRINCIPAL.ASM   5-29-2020  16:42:04         PAGE  1


LOC  OBJECT CODE     LINE SOURCE TEXT
  VALUE

                      00001 
                      00002 ; Assembly source line config statements
                      00003 
                      00004 #include "p18f4550.inc"
                      00001         LIST
                      00002 
                      00003 ;==========================================================================
                      00004 ; Build date : Mar 17 2019
                      00005 ;  MPASM PIC18F4550 processor include
                      00006 ; 
                      00007 ;  (c) Copyright 1999-2019 Microchip Technology, All rights reserved
                      00008 ;==========================================================================
                      00009 
                      01765         LIST
                      00005 
                      00006 ; CONFIG1L
                      00007   CONFIG  PLLDIV = 1            ; PLL Prescaler Selection bits (No prescale (4 MHz oscillator input driv
                            es PLL directly))
                      00008   CONFIG  CPUDIV = OSC1_PLL2    ; System Clock Postscaler Selection bits ([Primary Oscillator Src: /1][9
                            6 MHz PLL Src: /2])
                      00009   CONFIG  USBDIV = 1            ; USB Clock Selection bit (used in Full-Speed USB mode only; UCFG:FSEN =
                             1) (USB clock source comes directly from the primary oscillator block with no postscale)
                      00010 
                      00011 ; CONFIG1H
                      00012   CONFIG  FOSC = XT_XT          ; Oscillator Selection bits (XT oscillator (XT))
                      00013   CONFIG  FCMEN = OFF           ; Fail-Safe Clock Monitor Enable bit (Fail-Safe Clock Monitor disabled)
                      00014   CONFIG  IESO = OFF            ; Internal/External Oscillator Switchover bit (Oscillator Switchover mod
                            e disabled)
                      00015 
                      00016 ; CONFIG2L
                      00017   CONFIG  PWRT = OFF            ; Power-up Timer Enable bit (PWRT disabled)
                      00018   CONFIG  BOR = OFF             ; Brown-out Reset Enable bits (Brown-out Reset disabled in hardware and 
                            software)
                      00019   CONFIG  BORV = 3              ; Brown-out Reset Voltage bits (Minimum setting 2.05V)
                      00020   CONFIG  VREGEN = OFF          ; USB Voltage Regulator Enable bit (USB voltage regulator disabled)
                      00021 
                      00022 ; CONFIG2H
                      00023   CONFIG  WDT = OFF             ; Watchdog Timer Enable bit (WDT disabled (control is placed on the SWDT
                            EN bit))
                      00024   CONFIG  WDTPS = 32768         ; Watchdog Timer Postscale Select bits (1:32768)
                      00025 
                      00026 ; CONFIG3H
                      00027   CONFIG  CCP2MX = OFF          ; CCP2 MUX bit (CCP2 input/output is multiplexed with RB3)
                      00028   CONFIG  PBADEN = OFF          ; PORTB A/D Enable bit (PORTB<4:0> pins are configured as digital I/O on
                             Reset)
                      00029   CONFIG  LPT1OSC = OFF         ; Low-Power Timer 1 Oscillator Enable bit (Timer1 configured for higher 
                            power operation)
                      00030   CONFIG  MCLRE = ON            ; MCLR Pin Enable bit (MCLR pin enabled; RE3 input pin disabled)
                      00031 
                      00032 ; CONFIG4L
                      00033   CONFIG  STVREN = OFF          ; Stack Full/Underflow Reset Enable bit (Stack full/underflow will not c
                            ause Reset)
                      00034   CONFIG  LVP = OFF             ; Single-Supply ICSP Enable bit (Single-Supply ICSP disabled)
MPASM 5.84            PROGRAMA_PRINCIPAL.ASM   5-29-2020  16:42:04         PAGE  2


LOC  OBJECT CODE     LINE SOURCE TEXT
  VALUE

                      00035   CONFIG  ICPRT = OFF           ; Dedicated In-Circuit Debug/Programming Port (ICPORT) Enable bit (ICPOR
                            T disabled)
                      00036   CONFIG  XINST = OFF           ; Extended Instruction Set Enable bit (Instruction set extension and Ind
                            exed Addressing mode disabled (Legacy mode))
                      00037 
                      00038 ; CONFIG5L
                      00039   CONFIG  CP0 = OFF             ; Code Protection bit (Block 0 (000800-001FFFh) is not code-protected)
                      00040   CONFIG  CP1 = OFF             ; Code Protection bit (Block 1 (002000-003FFFh) is not code-protected)
                      00041   CONFIG  CP2 = OFF             ; Code Protection bit (Block 2 (004000-005FFFh) is not code-protected)
                      00042   CONFIG  CP3 = OFF             ; Code Protection bit (Block 3 (006000-007FFFh) is not code-protected)
                      00043 
                      00044 ; CONFIG5H
                      00045   CONFIG  CPB = OFF             ; Boot Block Code Protection bit (Boot block (000000-0007FFh) is not cod
                            e-protected)
                      00046   CONFIG  CPD = OFF             ; Data EEPROM Code Protection bit (Data EEPROM is not code-protected)
                      00047 
                      00048 ; CONFIG6L
                      00049   CONFIG  WRT0 = OFF            ; Write Protection bit (Block 0 (000800-001FFFh) is not write-protected)
                      00050   CONFIG  WRT1 = OFF            ; Write Protection bit (Block 1 (002000-003FFFh) is not write-protected)
                      00051   CONFIG  WRT2 = OFF            ; Write Protection bit (Block 2 (004000-005FFFh) is not write-protected)
                      00052   CONFIG  WRT3 = OFF            ; Write Protection bit (Block 3 (006000-007FFFh) is not write-protected)
                      00053 
                      00054 ; CONFIG6H
                      00055   CONFIG  WRTC = OFF            ; Configuration Register Write Protection bit (Configuration registers (
                            300000-3000FFh) are not write-protected)
                      00056   CONFIG  WRTB = OFF            ; Boot Block Write Protection bit (Boot block (000000-0007FFh) is not wr
                            ite-protected)
                      00057   CONFIG  WRTD = OFF            ; Data EEPROM Write Protection bit (Data EEPROM is not write-protected)
                      00058 
                      00059 ; CONFIG7L
                      00060   CONFIG  EBTR0 = OFF           ; Table Read Protection bit (Block 0 (000800-001FFFh) is not protected f
                            rom table reads executed in other blocks)
                      00061   CONFIG  EBTR1 = OFF           ; Table Read Protection bit (Block 1 (002000-003FFFh) is not protected f
                            rom table reads executed in other blocks)
                      00062   CONFIG  EBTR2 = OFF           ; Table Read Protection bit (Block 2 (004000-005FFFh) is not protected f
                            rom table reads executed in other blocks)
                      00063   CONFIG  EBTR3 = OFF           ; Table Read Protection bit (Block 3 (006000-007FFFh) is not protected f
                            rom table reads executed in other blocks)
                      00064 
                      00065 ; CONFIG7H
                      00066   CONFIG  EBTRB = OFF           ; Boot Block Table Read Protection bit (Boot block (000000-0007FFh) is n
                            ot protected from table reads executed in other blocks)
                      00067   
Message[313]: CBLOCK constants will start with a value of 0.
                      00068   CBLOCK
  00000000            00069   LETRA
                      00070   
                      00071   ENDC
                      00072         ORG 0
000000 EF?? F???      00073         GOTO    INICIO
                      00074         ORG 0X020
  00000000            00075 UNI EQU .0      
  00000049            00076 FIN EQU 'I'     
MPASM 5.84            PROGRAMA_PRINCIPAL.ASM   5-29-2020  16:42:04         PAGE  3


LOC  OBJECT CODE     LINE SOURCE TEXT
  VALUE

Warning[205]: Found directive in column 1. (ORG)
                      00077 ORG     0X200
000200                00078 DISPLAY
                      00079     ;W = 0
000200 26F9           00080     ADDWF   PCL,F 
000202 0C4D 0C49 0C41 00081     DT 'M','I','A','U',' ','M','I','A','U','/'
       0C55 0C20 0C4D 
       0C49 0C41 0C55 
       0C2F 
000216                00082 INICIO
000216 EC?? F???      00083         CALL    LCD_INIT
00021A 0E05           00084         MOVLW   .5
00021C EC?? F???      00085         CALL    LCD_LINEA1
000220 0E41           00086         MOVLW   'A'
000222 EC?? F???      00087         CALL    LCD_CARACTER
000226 0E00           00088         MOVLW   .0
000228 EC?? F???      00089         CALL    LCD_LINEA2
00022C EC?? F???      00090         CALL    MENSAJE
000230                00091 START
000230 EF?? F???      00092         GOTO    START
                      00093         
000234                00094 MENSAJE
                      00095         ;CLRF   W
                      00096         ;ADDLW  .2
000234 5000           00097         MOVF    UNI,W
000236 EC?? F???      00098         CALL    DISPLAY
00023A 6E00           00099         MOVWF   LETRA
                      00100         ;MOVF   LETRA,W
00023C 5000           00101         MOVF    LETRA,W
00023E 6249           00102         CPFSEQ  FIN,W
                      00103         ;CPFSEQ FIN,W
000240 EF?? F???      00104         GOTO    MUESTRO
000244 0012           00105         RETURN
000246                00106 MUESTRO 
000246 5000           00107         MOVF    LETRA,W
000248 EC?? F???      00108         CALL    LCD_CARACTER
00024C 0E02           00109         MOVLW   .2
00024E 2600           00110         ADDWF   UNI
000250 EF?? F???      00111         GOTO    MENSAJE
                      00112         
                      00113         
                      00114         
                      00115 #include <LCD_4bits.inc>        
                      00001 ;RS E y RW
                      00002 #define RS LATC,0
                      00003 #DEFINE E   LATC,1
                      00004 
Warning[205]: Found directive in column 1. (CBLOCK)
                      00005 CBLOCK 0X00
  00000000            00006    DATO_LCD 
  00000001            00007    LCD_GUARDAR
  00000002            00008    VARIABLE_CUENTA
Warning[205]: Found directive in column 1. (ENDC)
MPASM 5.84            PROGRAMA_PRINCIPAL.ASM   5-29-2020  16:42:04         PAGE  4


LOC  OBJECT CODE     LINE SOURCE TEXT
  VALUE

                      00009 ENDC
                      00010     
000254                00011 LCD_INIT:
000254 9094           00012     BCF     TRISC,0; RS SALIDA
000256 9294           00013     BCF     TRISC,1; E SALIDA
000258 6A95           00014     CLRF    TRISD; PUERTO D SALIDA
00025A EC?? F???      00015     CALL    Retardo_1ms
00025E 0E30           00016     MOVLW   0X30; 0X30 -> W
000260 EC?? F???      00017     CALL    LCD_COMANDO
000264 EC?? F???      00018     CALL    Retardo_1ms
000268 EC?? F???      00019     CALL    Retardo_1ms
00026C EC?? F???      00020     CALL    Retardo_1ms
000270 EC?? F???      00021     CALL    Retardo_1ms
000274 0E30           00022     MOVLW   0X30
000276 EC?? F???      00023     CALL    LCD_COMANDO
00027A EC?? F???      00024     CALL    Retardo_1ms
00027E 0E30           00025     MOVLW   0X30
000280 EC?? F???      00026     CALL    LCD_COMANDO
000284 0E20           00027     MOVLW   0X20; 4 BITS
000286 EC?? F???      00028     CALL    LCD_COMANDO
00028A EC?? F???      00029     CALL    LCD_2LINEAS
00028E EC?? F???      00030     CALL    LCD_DISPLAY_ON
000292 EC?? F???      00031     CALL    LCD_BORRAR
000296 EC?? F???      00032     CALL    LCD_INCR
00029A 0012           00033     RETURN
00029C                00034 LCD_INCR
00029C 0E06           00035     MOVLW   0X06
00029E EF?? F???      00036     GOTO    LCD_CONFIG
0002A2                00037 LCD_BORRAR
0002A2 0E01           00038     MOVLW   0X01
0002A4 EF?? F???      00039     GOTO    LCD_CONFIG
0002A8                00040 LCD_DISPLAY_ON
0002A8 0E0C           00041     MOVLW   0X0C
0002AA EF?? F???      00042     GOTO    LCD_CONFIG
0002AE                00043 LCD_2LINEAS
0002AE 0E28           00044     MOVLW   0X28; 2 LINEAS 5X8
0002B0 EF?? F???      00045     GOTO    LCD_CONFIG
0002B4                00046 LCD_CONFIG:
                      00047     ;W = 0X28 
0002B4 6E01           00048     MOVWF   LCD_GUARDAR; = 0X28
0002B6 5001           00049     MOVF    LCD_GUARDAR,W;
0002B8 EC?? F???      00050     CALL    LCD_COMANDO
0002BC 3801           00051     SWAPF   LCD_GUARDAR,W;
                      00052     ; 0X28
                      00053     ; SWAPF 0X82
                      00054     ; W = 0X82
0002BE EC?? F???      00055     CALL    LCD_COMANDO
0002C2 0012           00056     RETURN
                      00057     
0002C4                00058 LCD_COMANDO
0002C4 908B           00059     BCF     RS; COMANDO
                      00060     ; w = 0x28
                      00061     ; W = 0X82
MPASM 5.84            PROGRAMA_PRINCIPAL.ASM   5-29-2020  16:42:04         PAGE  5


LOC  OBJECT CODE     LINE SOURCE TEXT
  VALUE

0002C6 0BF0           00062     ANDLW   B'11110000';                
                      00063     ;         00101000
                      00064     ;    W =  00100000
0002C8 6E00           00065     MOVWF   DATO_LCD
0002CA 508C           00066     MOVF    LATD,W; PUERTO D -> W
                      00067     ; RD7       RD0
                      00068     ; 0100 1111
                      00069     ;W =      11001010
0002CC 0B0F           00070     ANDLW   B'00001111';
                      00071     ;0      ;00001010
0002CE 1000           00072     IORWF   DATO_LCD,W; 
                      00073     ;W = 00001010 OR
                      00074     ;DL  00110000
                      00075     ;W = 00111010
0002D0 6E8C           00076     MOVWF   LATD
0002D2 EC?? F???      00077     CALL    ENABLE
0002D6 0012           00078     RETURN
Warning[207]: Found label after column 1. (LCD_CARACTER)
0002D8                00079  LCD_CARACTER:
0002D8 808B           00080     BSF     RS; MODO CARACTER
0002DA EC?? F???      00081     CALL    LCD_DATO
0002DE EC?? F???      00082     CALL    Retardo_1ms
0002E2 0012           00083     RETURN
                      00084     
Warning[207]: Found label after column 1. (LCD_DATO)
0002E4                00085  LCD_DATO
0002E4 6E01           00086     MOVWF   LCD_GUARDAR; = 0X28
0002E6 5001           00087     MOVF    LCD_GUARDAR,W;
0002E8 EC?? F???      00088     CALL    LCD_DATA
0002EC 3801           00089     SWAPF   LCD_GUARDAR,W;
                      00090     ; 0X28
                      00091     ; SWAPF 0X82
                      00092     ; W = 0X82
0002EE EC?? F???      00093     CALL    LCD_DATA
0002F2 0012           00094     RETURN
Warning[207]: Found label after column 1. (LCD_DATA)
0002F4                00095  LCD_DATA
0002F4 0BF0           00096     ANDLW   B'11110000';                
                      00097     ;         00101000
                      00098     ;    W =  00100000
0002F6 6E00           00099     MOVWF   DATO_LCD
0002F8 508C           00100     MOVF    LATD,W; PUERTO D -> W
                      00101     ; RD7       RD0
                      00102     ; 0100 1111
                      00103     ;W =      11001010
0002FA 0B0F           00104     ANDLW   B'00001111';
                      00105     ;0      ;00001010
0002FC 1000           00106     IORWF   DATO_LCD,W; 
                      00107     ;W = 00001010 OR
                      00108     ;DL  00110000
                      00109     ;W = 00111010
0002FE 6E8C           00110     MOVWF   LATD
000300 EC?? F???      00111     CALL    ENABLE
MPASM 5.84            PROGRAMA_PRINCIPAL.ASM   5-29-2020  16:42:04         PAGE  6


LOC  OBJECT CODE     LINE SOURCE TEXT
  VALUE

000304 0012           00112     RETURN
                      00113     
Warning[207]: Found label after column 1. (LCD_LINEA1)
000306                00114  LCD_LINEA1
                      00115     ;W = 5
000306 0F80           00116     ADDLW   0X80; 80 + 5 = 85 
000308 EF?? F???      00117     GOTO    LCD_CONFIG
00030C 0012           00118     RETURN
Warning[207]: Found label after column 1. (LCD_LINEA2)
00030E                00119  LCD_LINEA2
00030E 0FC0           00120     ADDLW   0XC0; C0 + W(8) = C8
000310 EF?? F???      00121     GOTO    LCD_CONFIG
000314 0012           00122     RETURN
                      00123     
Warning[207]: Found label after column 1. (ENABLE)
000316                00124  ENABLE:
000316 EC?? F???      00125     CALL    Retardo_1ms
00031A EC?? F???      00126     CALL    Retardo_1ms
00031E 828B           00127     BSF     E
000320 EC?? F???      00128     CALL    Retardo_1ms
000324 928B           00129     BCF     E
000326 0012           00130     RETURN
                      00131     
000328                00132 Retardo_1ms:
                      00133   ;MOVWF            GUARDA_DATO
000328 0EF9           00134   MOVLW     .249
00032A 6E02           00135   MOVWF     VARIABLE_CUENTA
00032C                00136 BUCLE_INTERNO:
00032C 0000           00137   NOP
00032E 2E02           00138   DECFSZ    VARIABLE_CUENTA, F
000330 EF?? F???      00139   GOTO      BUCLE_INTERNO
                      00140   ;MOVF     GUARDA_DATO,W
000334 0012           00141   RETURN   
                      00116         END
MPASM 5.84            PROGRAMA_PRINCIPAL.ASM   5-29-2020  16:42:04         PAGE  7


SYMBOL TABLE
  LABEL                             VALUE 

A                                 00000000
ABDEN                             00000000
ABDOVF                            00000007
ACCESS                            00000000
ACKDT                             00000005
ACKEN                             00000004
ACKSTAT                           00000006
ACQT0                             00000003
ACQT1                             00000004
ACQT2                             00000005
ACTVIE                            00000002
ACTVIF                            00000002
ADCON0                            00000FC2
ADCON1                            00000FC1
ADCON2                            00000FC0
ADCS0                             00000000
ADCS1                             00000001
ADCS2                             00000002
ADDEN                             00000003
ADDR0                             00000000
ADDR1                             00000001
ADDR2                             00000002
ADDR3                             00000003
ADDR4                             00000004
ADDR5                             00000005
ADDR6                             00000006
ADEN                              00000003
ADFM                              00000007
ADIE                              00000006
ADIF                              00000006
ADIP                              00000006
ADON                              00000000
ADRES                             00000FC3
ADRESH                            00000FC4
ADRESL                            00000FC3
AN0                               00000000
AN1                               00000001
AN2                               00000002
AN3                               00000003
AN4                               00000005
BANKED                            00000001
BAUDCON                           00000FB8
BAUDCTL                           00000FB8
BCLIE                             00000003
BCLIF                             00000003
BCLIP                             00000003
BF                                00000000
BGST                              00000005
BOR                               00000000
BRG16                             00000003
BRGH                              00000002
BSR                               00000FE0
BTOEE                             00000004
MPASM 5.84            PROGRAMA_PRINCIPAL.ASM   5-29-2020  16:42:04         PAGE  8


SYMBOL TABLE
  LABEL                             VALUE 

BTOEF                             00000004
BTSEE                             00000007
BTSEF                             00000007
BUCLE_INTERNO                     0000032C
C                                 00000000
C1INV                             00000004
C1OUT                             00000006
C2INV                             00000005
C2OUT                             00000007
CCP1                              00000002
CCP1AS                            00000FB6
CCP1CON                           00000FBD
CCP1DEL                           00000FB7
CCP1IE                            00000002
CCP1IF                            00000002
CCP1IP                            00000002
CCP1M0                            00000000
CCP1M1                            00000001
CCP1M2                            00000002
CCP1M3                            00000003
CCP2CON                           00000FBA
CCP2IE                            00000000
CCP2IF                            00000000
CCP2IP                            00000000
CCP2M0                            00000000
CCP2M1                            00000001
CCP2M2                            00000002
CCP2M3                            00000003
CCPR1                             00000FBE
CCPR1H                            00000FBF
CCPR1L                            00000FBE
CCPR2                             00000FBB
CCPR2H                            00000FBC
CCPR2L                            00000FBB
CFGS                              00000006
CHS0                              00000002
CHS1                              00000003
CHS2                              00000004
CHS3                              00000005
CIS                               00000003
CK                                00000006
CK1SPP                            00000000
CK2SPP                            00000001
CKE                               00000006
CKP                               00000004
CLK1EN                            00000004
CLKCFG0                           00000006
CLKCFG1                           00000007
CM0                               00000000
CM1                               00000001
CM2                               00000002
CMCON                             00000FB4
CMIE                              00000006
MPASM 5.84            PROGRAMA_PRINCIPAL.ASM   5-29-2020  16:42:04         PAGE  9


SYMBOL TABLE
  LABEL                             VALUE 

CMIF                              00000006
CMIP                              00000006
CRC16EE                           00000002
CRC16EF                           00000002
CRC5EE                            00000001
CRC5EF                            00000001
CREN                              00000004
CSEN                              00000005
CSRC                              00000007
CVR0                              00000000
CVR1                              00000001
CVR2                              00000002
CVR3                              00000003
CVRCON                            00000FB5
CVREF                             00000004
CVREN                             00000007
CVROE                             00000006
CVRR                              00000005
CVRSS                             00000004
D                                 00000005
DATA_ADDRESS                      00000005
DATO_LCD                          00000000
DC                                00000001
DC1B0                             00000004
DC1B1                             00000005
DC2B0                             00000004
DC2B1                             00000005
DDRA                              TRISA
DDRB                              TRISB
DDRC                              TRISC
DDRD                              TRISD
DDRE                              TRISE
DFN8EE                            00000003
DFN8EF                            00000003
DIR                               00000002
DISPLAY                           00000200
DONE                              00000001
D_A                               00000005
D_NOT_A                           00000005
E                                 LATC,1
ECCP1AS                           00000FB6
ECCP1CON                          00000FBD
ECCP1DEL                          00000FB7
ECCPAS0                           00000004
ECCPAS1                           00000005
ECCPAS2                           00000006
ECCPASE                           00000007
EEADR                             00000FA9
EECON1                            00000FA6
EECON2                            00000FA7
EEDATA                            00000FA8
EEIE                              00000004
EEIF                              00000004
MPASM 5.84            PROGRAMA_PRINCIPAL.ASM   5-29-2020  16:42:04         PAGE 10


SYMBOL TABLE
  LABEL                             VALUE 

EEIP                              00000004
EEPGD                             00000007
ENABLE                            00000316
ENDP0                             00000003
ENDP1                             00000004
ENDP2                             00000005
ENDP3                             00000006
EPCONDIS                          00000003
EPHSHK                            00000004
EPINEN                            00000001
EPOUTEN                           00000002
EPSTALL                           00000000
FAST                              00000001
FERR                              00000002
FIN                               00000049
FLTS                              00000002
FREE                              00000004
FRM0                              00000000
FRM1                              00000001
FRM10                             00000002
FRM2                              00000002
FRM3                              00000003
FRM4                              00000004
FRM5                              00000005
FRM6                              00000006
FRM7                              00000007
FRM8                              00000000
FRM9                              00000001
FSEN                              00000002
FSR0                              00000000
FSR0H                             00000FEA
FSR0L                             00000FE9
FSR1                              00000001
FSR1H                             00000FE2
FSR1L                             00000FE1
FSR2                              00000002
FSR2H                             00000FDA
FSR2L                             00000FD9
GCEN                              00000007
GIE                               00000007
GIEH                              00000007
GIEL                              00000006
GIE_GIEH                          00000007
GO                                00000001
GO_DONE                           00000001
GO_NOT_DONE                       00000001
HLVDCON                           00000FD2
HLVDEN                            00000004
HLVDIE                            00000002
HLVDIF                            00000002
HLVDIN                            00000005
HLVDIP                            00000002
HLVDL0                            00000000
MPASM 5.84            PROGRAMA_PRINCIPAL.ASM   5-29-2020  16:42:04         PAGE 11


SYMBOL TABLE
  LABEL                             VALUE 

HLVDL1                            00000001
HLVDL2                            00000002
HLVDL3                            00000003
I2C_DAT                           00000005
I2C_READ                          00000002
I2C_START                         00000003
I2C_STOP                          00000004
IDLEIE                            00000004
IDLEIF                            00000004
IDLEN                             00000007
INDF0                             00000FEF
INDF1                             00000FE7
INDF2                             00000FDF
INICIO                            00000216
INT0                              00000000
INT0E                             00000004
INT0F                             00000001
INT0IE                            00000004
INT0IF                            00000001
INT1                              00000001
INT1E                             00000003
INT1F                             00000000
INT1IE                            00000003
INT1IF                            00000000
INT1IP                            00000006
INT1P                             00000006
INT2                              00000002
INT2E                             00000004
INT2F                             00000001
INT2IE                            00000004
INT2IF                            00000001
INT2IP                            00000007
INT2P                             00000007
INTCON                            00000FF2
INTCON2                           00000FF1
INTCON3                           00000FF0
INTEDG0                           00000006
INTEDG1                           00000005
INTEDG2                           00000004
INTSRC                            00000007
IOFS                              00000002
IPEN                              00000007
IPR1                              00000F9F
IPR2                              00000FA2
IRCF0                             00000004
IRCF1                             00000005
IRCF2                             00000006
IRVST                             00000005
IVRST                             00000005
LATA                              00000F89
LATA0                             00000000
LATA1                             00000001
LATA2                             00000002
MPASM 5.84            PROGRAMA_PRINCIPAL.ASM   5-29-2020  16:42:04         PAGE 12


SYMBOL TABLE
  LABEL                             VALUE 

LATA3                             00000003
LATA4                             00000004
LATA5                             00000005
LATA6                             00000006
LATB                              00000F8A
LATB0                             00000000
LATB1                             00000001
LATB2                             00000002
LATB3                             00000003
LATB4                             00000004
LATB5                             00000005
LATB6                             00000006
LATB7                             00000007
LATC                              00000F8B
LATC0                             00000000
LATC1                             00000001
LATC2                             00000002
LATC6                             00000006
LATC7                             00000007
LATD                              00000F8C
LATD0                             00000000
LATD1                             00000001
LATD2                             00000002
LATD3                             00000003
LATD4                             00000004
LATD5                             00000005
LATD6                             00000006
LATD7                             00000007
LATE                              00000F8D
LATE0                             00000000
LATE1                             00000001
LATE2                             00000002
LCD_2LINEAS                       000002AE
LCD_BORRAR                        000002A2
LCD_CARACTER                      000002D8
LCD_COMANDO                       000002C4
LCD_CONFIG                        000002B4
LCD_DATA                          000002F4
LCD_DATO                          000002E4
LCD_DISPLAY_ON                    000002A8
LCD_GUARDAR                       00000001
LCD_INCR                          0000029C
LCD_INIT                          00000254
LCD_LINEA1                        00000306
LCD_LINEA2                        0000030E
LETRA                             00000000
LVDCON                            00000FD2
LVDEN                             00000004
LVDIE                             00000002
LVDIF                             00000002
LVDIN                             00000005
LVDIP                             00000002
LVDL0                             00000000
MPASM 5.84            PROGRAMA_PRINCIPAL.ASM   5-29-2020  16:42:04         PAGE 13


SYMBOL TABLE
  LABEL                             VALUE 

LVDL1                             00000001
LVDL2                             00000002
LVDL3                             00000003
LVV0                              00000000
LVV1                              00000001
LVV2                              00000002
LVV3                              00000003
MENSAJE                           00000234
MUESTRO                           00000246
N                                 00000004
NOT_A                             00000005
NOT_ADDRESS                       00000005
NOT_BOR                           00000000
NOT_DONE                          00000001
NOT_IPEN                          00000007
NOT_PD                            00000002
NOT_POR                           00000001
NOT_RBPU                          00000007
NOT_RI                            00000004
NOT_T1SYNC                        00000002
NOT_T3SYNC                        00000002
NOT_TO                            00000003
NOT_W                             00000002
NOT_WRITE                         00000002
OERR                              00000001
OESPP                             00000002
OSC2                              00000006
OSCCON                            00000FD3
OSCFIE                            00000007
OSCFIF                            00000007
OSCFIP                            00000007
OSCTUNE                           00000F9B
OSTS                              00000003
OV                                00000003
P                                 00000004
P1A                               00000002
P1M0                              00000006
P1M1                              00000007
PC                                00000FF9
PCFG0                             00000000
PCFG1                             00000001
PCFG2                             00000002
PCFG3                             00000003
PCL                               00000FF9
PCLATH                            00000FFA
PCLATU                            00000FFB
PD                                00000002
PDC0                              00000000
PDC1                              00000001
PDC2                              00000002
PDC3                              00000003
PDC4                              00000004
PDC5                              00000005
MPASM 5.84            PROGRAMA_PRINCIPAL.ASM   5-29-2020  16:42:04         PAGE 14


SYMBOL TABLE
  LABEL                             VALUE 

PDC6                              00000006
PEIE                              00000006
PEIE_GIEL                         00000006
PEN                               00000002
PGC                               00000006
PGD                               00000007
PGM                               00000005
PIDEE                             00000000
PIDEF                             00000000
PIE1                              00000F9D
PIE2                              00000FA0
PIR1                              00000F9E
PIR2                              00000FA1
PKTDIS                            00000004
PLUSW0                            00000FEB
PLUSW1                            00000FE3
PLUSW2                            00000FDB
POR                               00000001
PORTA                             00000F80
PORTB                             00000F81
PORTC                             00000F82
PORTD                             00000F83
PORTE                             00000F84
POSTDEC0                          00000FED
POSTDEC1                          00000FE5
POSTDEC2                          00000FDD
POSTINC0                          00000FEE
POSTINC1                          00000FE6
POSTINC2                          00000FDE
PPB0                              00000000
PPB1                              00000001
PPBI                              00000001
PPBRST                            00000006
PR2                               00000FCB
PREINC0                           00000FEC
PREINC1                           00000FE4
PREINC2                           00000FDC
PROD                              00000FF3
PRODH                             00000FF4
PRODL                             00000FF3
PRSEN                             00000007
PSA                               00000003
PSSAC0                            00000002
PSSAC1                            00000003
PSSBD0                            00000000
PSSBD1                            00000001
R                                 00000002
RA0                               00000000
RA1                               00000001
RA2                               00000002
RA3                               00000003
RA4                               00000004
RA5                               00000005
MPASM 5.84            PROGRAMA_PRINCIPAL.ASM   5-29-2020  16:42:04         PAGE 15


SYMBOL TABLE
  LABEL                             VALUE 

RA6                               00000006
RB0                               00000000
RB1                               00000001
RB2                               00000002
RB3                               00000003
RB4                               00000004
RB5                               00000005
RB6                               00000006
RB7                               00000007
RBIE                              00000003
RBIF                              00000000
RBIP                              00000000
RBPU                              00000007
RC0                               00000000
RC1                               00000001
RC2                               00000002
RC4                               00000004
RC5                               00000005
RC6                               00000006
RC7                               00000007
RCEN                              00000003
RCIDL                             00000006
RCIE                              00000005
RCIF                              00000005
RCIP                              00000005
RCMT                              00000006
RCON                              00000FD0
RCREG                             00000FAE
RCSTA                             00000FAB
RD                                00000000
RD0                               00000000
RD1                               00000001
RD16                              00000007
RD2                               00000002
RD3                               00000003
RD4                               00000004
RD5                               00000005
RD6                               00000006
RD7                               00000007
RDPU                              00000007
RDSPP                             00000007
RE0                               00000000
RE1                               00000001
RE2                               00000002
RE3                               00000003
READ_WRITE                        00000002
RESUME                            00000002
RI                                00000004
RS                                LATC,0
RSEN                              00000001
RX                                00000007
RX9                               00000006
RX9D                              00000000
MPASM 5.84            PROGRAMA_PRINCIPAL.ASM   5-29-2020  16:42:04         PAGE 16


SYMBOL TABLE
  LABEL                             VALUE 

RXDTP                             00000005
R_NOT_W                           00000002
R_W                               00000002
Retardo_1ms                       00000328
S                                 00000003
SBOREN                            00000006
SCKP                              00000004
SCS0                              00000000
SCS1                              00000001
SE0                               00000005
SEN                               00000000
SENDB                             00000003
SMP                               00000007
SOFIE                             00000006
SOFIF                             00000006
SPBRG                             00000FAF
SPBRGH                            00000FB0
SPEN                              00000007
SPP0                              00000000
SPP1                              00000001
SPP2                              00000002
SPP3                              00000003
SPP4                              00000004
SPP5                              00000005
SPP6                              00000006
SPP7                              00000007
SPPBUSY                           00000004
SPPCFG                            00000F63
SPPCON                            00000F65
SPPDATA                           00000F62
SPPEN                             00000000
SPPEPS                            00000F64
SPPIE                             00000007
SPPIF                             00000007
SPPIP                             00000007
SPPOWN                            00000001
SREN                              00000005
SSPADD                            00000FC8
SSPBUF                            00000FC9
SSPCON1                           00000FC6
SSPCON2                           00000FC5
SSPEN                             00000005
SSPIE                             00000003
SSPIF                             00000003
SSPIP                             00000003
SSPM0                             00000000
SSPM1                             00000001
SSPM2                             00000002
SSPM3                             00000003
SSPOV                             00000006
SSPSTAT                           00000FC7
STALLIE                           00000005
STALLIF                           00000005
MPASM 5.84            PROGRAMA_PRINCIPAL.ASM   5-29-2020  16:42:04         PAGE 17


SYMBOL TABLE
  LABEL                             VALUE 

START                             00000230
STATUS                            00000FD8
STKFUL                            00000007
STKOVF                            00000007
STKPTR                            00000FFC
STKPTR0                           00000000
STKPTR1                           00000001
STKPTR2                           00000002
STKPTR3                           00000003
STKPTR4                           00000004
STKUNF                            00000006
SUSPND                            00000001
SWDTE                             00000000
SWDTEN                            00000000
SYNC                              00000004
T08BIT                            00000006
T0CKI                             00000004
T0CON                             00000FD5
T0CS                              00000005
T0IE                              00000005
T0IF                              00000002
T0IP                              00000002
T0PS0                             00000000
T0PS1                             00000001
T0PS2                             00000002
T0SE                              00000004
T13CKI                            00000000
T1CKPS0                           00000004
T1CKPS1                           00000005
T1CON                             00000FCD
T1OSCEN                           00000003
T1OSI                             00000001
T1OSO                             00000000
T1RUN                             00000006
T1SYNC                            00000002
T2CKPS0                           00000000
T2CKPS1                           00000001
T2CON                             00000FCA
T2OUTPS0                          00000003
T2OUTPS1                          00000004
T2OUTPS2                          00000005
T2OUTPS3                          00000006
T3CCP1                            00000003
T3CCP2                            00000006
T3CKPS0                           00000004
T3CKPS1                           00000005
T3CON                             00000FB1
T3NSYNC                           00000002
T3SYNC                            00000002
TABLAT                            00000FF5
TBLPTR                            00000FF6
TBLPTRH                           00000FF7
TBLPTRL                           00000FF6
MPASM 5.84            PROGRAMA_PRINCIPAL.ASM   5-29-2020  16:42:04         PAGE 18


SYMBOL TABLE
  LABEL                             VALUE 

TBLPTRU                           00000FF8
TMR0                              00000FD6
TMR0H                             00000FD7
TMR0IE                            00000005
TMR0IF                            00000002
TMR0IP                            00000002
TMR0L                             00000FD6
TMR0ON                            00000007
TMR1                              00000FCE
TMR1CS                            00000001
TMR1H                             00000FCF
TMR1IE                            00000000
TMR1IF                            00000000
TMR1IP                            00000000
TMR1L                             00000FCE
TMR1ON                            00000000
TMR2                              00000FCC
TMR2IE                            00000001
TMR2IF                            00000001
TMR2IP                            00000001
TMR2ON                            00000002
TMR3                              00000FB2
TMR3CS                            00000001
TMR3H                             00000FB3
TMR3IE                            00000001
TMR3IF                            00000001
TMR3IP                            00000001
TMR3L                             00000FB2
TMR3ON                            00000000
TO                                00000003
TOS                               00000FFD
TOSH                              00000FFE
TOSL                              00000FFD
TOSU                              00000FFF
TOUTPS0                           00000003
TOUTPS1                           00000004
TOUTPS2                           00000005
TOUTPS3                           00000006
TRISA                             00000F92
TRISA0                            00000000
TRISA1                            00000001
TRISA2                            00000002
TRISA3                            00000003
TRISA4                            00000004
TRISA5                            00000005
TRISA6                            00000006
TRISB                             00000F93
TRISB0                            00000000
TRISB1                            00000001
TRISB2                            00000002
TRISB3                            00000003
TRISB4                            00000004
TRISB5                            00000005
MPASM 5.84            PROGRAMA_PRINCIPAL.ASM   5-29-2020  16:42:04         PAGE 19


SYMBOL TABLE
  LABEL                             VALUE 

TRISB6                            00000006
TRISB7                            00000007
TRISC                             00000F94
TRISC0                            00000000
TRISC1                            00000001
TRISC2                            00000002
TRISC6                            00000006
TRISC7                            00000007
TRISD                             00000F95
TRISD0                            00000000
TRISD1                            00000001
TRISD2                            00000002
TRISD3                            00000003
TRISD4                            00000004
TRISD5                            00000005
TRISD6                            00000006
TRISD7                            00000007
TRISE                             00000F96
TRISE0                            00000000
TRISE1                            00000001
TRISE2                            00000002
TRMT                              00000001
TRNIE                             00000003
TRNIF                             00000003
TUN0                              00000000
TUN1                              00000001
TUN2                              00000002
TUN3                              00000003
TUN4                              00000004
TX                                00000006
TX9                               00000006
TX9D                              00000000
TXCKP                             00000004
TXEN                              00000005
TXIE                              00000004
TXIF                              00000004
TXIP                              00000004
TXREG                             00000FAD
TXSTA                             00000FAC
UA                                00000001
UADDR                             00000F6E
UCFG                              00000F6F
UCON                              00000F6D
UEIE                              00000F6B
UEIR                              00000F6A
UEP0                              00000F70
UEP1                              00000F71
UEP10                             00000F7A
UEP11                             00000F7B
UEP12                             00000F7C
UEP13                             00000F7D
UEP14                             00000F7E
UEP15                             00000F7F
MPASM 5.84            PROGRAMA_PRINCIPAL.ASM   5-29-2020  16:42:04         PAGE 20


SYMBOL TABLE
  LABEL                             VALUE 

UEP2                              00000F72
UEP3                              00000F73
UEP4                              00000F74
UEP5                              00000F75
UEP6                              00000F76
UEP7                              00000F77
UEP8                              00000F78
UEP9                              00000F79
UERRIE                            00000001
UERRIF                            00000001
UFRM                              00000F66
UFRMH                             00000F67
UFRML                             00000F66
UIE                               00000F69
UIR                               00000F68
UNI                               00000000
UOEMON                            00000006
UPUEN                             00000004
URSTIE                            00000000
URSTIF                            00000000
USBEN                             00000003
USBIE                             00000005
USBIF                             00000005
USBIP                             00000005
USTAT                             00000F6C
UTEYE                             00000007
UTRDIS                            00000003
VARIABLE_CUENTA                   00000002
VCFG0                             00000004
VCFG1                             00000005
VDIRMAG                           00000007
VREFM                             00000002
VREFP                             00000003
W                                 00000000
WCOL                              00000007
WDTCON                            00000FD1
WR                                00000001
WREG                              00000FE8
WREN                              00000002
WRERR                             00000003
WRSPP                             00000006
WS0                               00000000
WS1                               00000001
WS2                               00000002
WS3                               00000003
WUE                               00000001
Z                                 00000002
_BORV_0_2L                        000000E7
_BORV_1_2L                        000000EF
_BORV_2_2L                        000000F7
_BORV_3_2L                        000000FF
_BOR_OFF_2L                       000000F9
_BOR_ON_2L                        000000FF
MPASM 5.84            PROGRAMA_PRINCIPAL.ASM   5-29-2020  16:42:04         PAGE 21


SYMBOL TABLE
  LABEL                             VALUE 

_BOR_ON_ACTIVE_2L                 000000FD
_BOR_SOFT_2L                      000000FB
_CCP2MX_OFF_3H                    000000FE
_CCP2MX_ON_3H                     000000FF
_CONFIG1H                         00300001
_CONFIG1L                         00300000
_CONFIG2H                         00300003
_CONFIG2L                         00300002
_CONFIG3H                         00300005
_CONFIG4L                         00300006
_CONFIG5H                         00300009
_CONFIG5L                         00300008
_CONFIG6H                         0030000B
_CONFIG6L                         0030000A
_CONFIG7H                         0030000D
_CONFIG7L                         0030000C
_CP0_OFF_5L                       000000FF
_CP0_ON_5L                        000000FE
_CP1_OFF_5L                       000000FF
_CP1_ON_5L                        000000FD
_CP2_OFF_5L                       000000FF
_CP2_ON_5L                        000000FB
_CP3_OFF_5L                       000000FF
_CP3_ON_5L                        000000F7
_CPB_OFF_5H                       000000FF
_CPB_ON_5H                        000000BF
_CPD_OFF_5H                       000000FF
_CPD_ON_5H                        0000007F
_CPUDIV_OSC1_PLL2_1L              000000E7
_CPUDIV_OSC2_PLL3_1L              000000EF
_CPUDIV_OSC3_PLL4_1L              000000F7
_CPUDIV_OSC4_PLL6_1L              000000FF
_DEBUG_OFF_4L                     000000FF
_DEBUG_ON_4L                      0000007F
_DEVID1                           003FFFFE
_DEVID2                           003FFFFF
_EBTR0_OFF_7L                     000000FF
_EBTR0_ON_7L                      000000FE
_EBTR1_OFF_7L                     000000FF
_EBTR1_ON_7L                      000000FD
_EBTR2_OFF_7L                     000000FF
_EBTR2_ON_7L                      000000FB
_EBTR3_OFF_7L                     000000FF
_EBTR3_ON_7L                      000000F7
_EBTRB_OFF_7H                     000000FF
_EBTRB_ON_7H                      000000BF
_FCMEN_OFF_1H                     000000BF
_FCMEN_ON_1H                      000000FF
_FOSC_ECIO_EC_1H                  000000F4
_FOSC_ECPLLIO_EC_1H               000000F6
_FOSC_ECPLL_EC_1H                 000000F7
_FOSC_EC_EC_1H                    000000F5
_FOSC_HSPLL_HS_1H                 000000FE
MPASM 5.84            PROGRAMA_PRINCIPAL.ASM   5-29-2020  16:42:04         PAGE 22


SYMBOL TABLE
  LABEL                             VALUE 

_FOSC_HS_1H                       000000FC
_FOSC_INTOSCIO_EC_1H              000000F8
_FOSC_INTOSC_EC_1H                000000F9
_FOSC_INTOSC_HS_1H                000000FB
_FOSC_INTOSC_XT_1H                000000FA
_FOSC_XTPLL_XT_1H                 000000F2
_FOSC_XT_XT_1H                    000000F0
_ICPRT_OFF_4L                     000000DF
_ICPRT_ON_4L                      000000FF
_IDLOC0                           00200000
_IDLOC1                           00200001
_IDLOC2                           00200002
_IDLOC3                           00200003
_IDLOC4                           00200004
_IDLOC5                           00200005
_IDLOC6                           00200006
_IDLOC7                           00200007
_IESO_OFF_1H                      0000007F
_IESO_ON_1H                       000000FF
_LPT1OSC_OFF_3H                   000000FB
_LPT1OSC_ON_3H                    000000FF
_LVP_OFF_4L                       000000FB
_LVP_ON_4L                        000000FF
_MCLRE_OFF_3H                     0000007F
_MCLRE_ON_3H                      000000FF
_PBADEN_OFF_3H                    000000FD
_PBADEN_ON_3H                     000000FF
_PLLDIV_10_1L                     000000FE
_PLLDIV_12_1L                     000000FF
_PLLDIV_1_1L                      000000F8
_PLLDIV_2_1L                      000000F9
_PLLDIV_3_1L                      000000FA
_PLLDIV_4_1L                      000000FB
_PLLDIV_5_1L                      000000FC
_PLLDIV_6_1L                      000000FD
_PWRT_OFF_2L                      000000FF
_PWRT_ON_2L                       000000FE
_STVREN_OFF_4L                    000000FE
_STVREN_ON_4L                     000000FF
_USBDIV_1_1L                      000000DF
_USBDIV_2_1L                      000000FF
_VREGEN_OFF_2L                    000000DF
_VREGEN_ON_2L                     000000FF
_WDTPS_1024_2H                    000000F5
_WDTPS_128_2H                     000000EF
_WDTPS_16384_2H                   000000FD
_WDTPS_16_2H                      000000E9
_WDTPS_1_2H                       000000E1
_WDTPS_2048_2H                    000000F7
_WDTPS_256_2H                     000000F1
_WDTPS_2_2H                       000000E3
_WDTPS_32768_2H                   000000FF
_WDTPS_32_2H                      000000EB
MPASM 5.84            PROGRAMA_PRINCIPAL.ASM   5-29-2020  16:42:04         PAGE 23


SYMBOL TABLE
  LABEL                             VALUE 

_WDTPS_4096_2H                    000000F9
_WDTPS_4_2H                       000000E5
_WDTPS_512_2H                     000000F3
_WDTPS_64_2H                      000000ED
_WDTPS_8192_2H                    000000FB
_WDTPS_8_2H                       000000E7
_WDT_OFF_2H                       000000FE
_WDT_ON_2H                        000000FF
_WRT0_OFF_6L                      000000FF
_WRT0_ON_6L                       000000FE
_WRT1_OFF_6L                      000000FF
_WRT1_ON_6L                       000000FD
_WRT2_OFF_6L                      000000FF
_WRT2_ON_6L                       000000FB
_WRT3_OFF_6L                      000000FF
_WRT3_ON_6L                       000000F7
_WRTB_OFF_6H                      000000FF
_WRTB_ON_6H                       000000BF
_WRTC_OFF_6H                      000000FF
_WRTC_ON_6H                       000000DF
_WRTD_OFF_6H                      000000FF
_WRTD_ON_6H                       0000007F
_XINST_OFF_4L                     000000BF
_XINST_ON_4L                      000000FF
__18F4550                         00000001

Errors   :     0
Warnings :     9 reported,     0 suppressed
Messages :     1 reported,     0 suppressed

